Using pre-set license
Built from '2020.3/release' branch; Version is '2020.3.12f1 (b3b2c6512326) revision 11776710'; Using compiler version '192528614'; Build Type 'Release'
OS: 'Windows 7  (6.1.0) 64bit' Language: 'zh' Physical Memory: 8156 MB
BatchMode: 1, IsHumanControllingUs: 0, StartBugReporterOnCrash: 0, Is64bit: 1, IsPro: 0

 COMMAND LINE ARGUMENTS:
C:\Program Files\Unity\Hub\Editor\2020.3.12f1\Editor\Unity.exe
-adb2
-batchMode
-noUpm
-name
AssetImportWorker1
-projectPath
E:/github/class/2106class2Dproject/2106class2Dproject
-logFile
Logs/AssetImportWorker1.log
-srvPort
49264
Successfully changed project path to: E:/github/class/2106class2Dproject/2106class2Dproject
E:/github/class/2106class2Dproject/2106class2Dproject
Using Asset Import Pipeline V2.
Refreshing native plugins compatible for Editor in 97.97 ms, found 3 plugins.
Preloading 0 native plugins for Editor in 0.00 ms.
Initialize engine version: 2020.3.12f1 (b3b2c6512326)
[Subsystems] Discovering subsystems at path C:/Program Files/Unity/Hub/Editor/2020.3.12f1/Editor/Data/Resources/UnitySubsystems
[Subsystems] Discovering subsystems at path E:/github/class/2106class2Dproject/2106class2Dproject/Assets
GfxDevice: creating device client; threaded=0
d3d11: CreateDXGIFactory2(...) not found, fallbacking to CreateDXGIFactory1(...).
d3d11: QueryInterface(IDXGIFactory5) failed (80004002).
Direct3D:
    Version:  Direct3D 11.0 [level 11.0]
    Renderer: NVIDIA GeForce GTX 950 (ID=0x1402)
    Vendor:   
    VRAM:     1970 MB
    Driver:   10.18.13.5582
Shader 'Universal Render Pipeline/Particles/Lit': fallback shader 'Universal Render Pipeline/Particles/SimpleLit' not found
Initialize mono
Mono path[0] = 'C:/Program Files/Unity/Hub/Editor/2020.3.12f1/Editor/Data/Managed'
Mono path[1] = 'C:/Program Files/Unity/Hub/Editor/2020.3.12f1/Editor/Data/MonoBleedingEdge/lib/mono/unityjit'
Mono config path = 'C:/Program Files/Unity/Hub/Editor/2020.3.12f1/Editor/Data/MonoBleedingEdge/etc'
Using monoOptions --debugger-agent=transport=dt_socket,embedding=1,server=y,suspend=n,address=127.0.0.1:56772
Begin MonoManager ReloadAssembly
Registering precompiled unity dll's ...
Register platform support module: C:/Program Files/Unity/Hub/Editor/2020.3.12f1/Editor/Data/PlaybackEngines/WebGLSupport/UnityEditor.WebGL.Extensions.dll
Register platform support module: C:/Program Files/Unity/Hub/Editor/2020.3.12f1/Editor/Data/PlaybackEngines/WindowsStandaloneSupport/UnityEditor.WindowsStandalone.Extensions.dll
Registered in 0.001063 seconds.
Native extension for WindowsStandalone target not found
Native extension for WebGL target not found
Refreshing native plugins compatible for Editor in 104.87 ms, found 3 plugins.
Preloading 0 native plugins for Editor in 0.00 ms.
Mono: successfully reloaded assembly
- Completed reload, in  1.042 seconds
Platform modules already initialized, skipping
Registering precompiled user dll's ...
Registered in 0.002572 seconds.
Begin MonoManager ReloadAssembly
Native extension for WindowsStandalone target not found
Native extension for WebGL target not found
Refreshing native plugins compatible for Editor in 103.38 ms, found 3 plugins.
Preloading 0 native plugins for Editor in 0.00 ms.
Mono: successfully reloaded assembly
- Completed reload, in  1.314 seconds
Platform modules already initialized, skipping
========================================================================
Worker process is ready to serve import requests
Shader 'Universal Render Pipeline/Particles/Lit': fallback shader 'Universal Render Pipeline/Particles/SimpleLit' not found
Launched and connected shader compiler UnityShaderCompiler.exe after 0.02 seconds
Refreshing native plugins compatible for Editor in 0.98 ms, found 3 plugins.
Preloading 0 native plugins for Editor in 0.00 ms.
Unloading 3232 Unused Serialized files (Serialized files now loaded: 0)
System memory in use before: 141.1 MB.
System memory in use after: 141.3 MB.

Unloading 28 unused Assets to reduce memory usage. Loaded Objects now: 3671.
Total: 3.331156 ms (FindLiveObjects: 0.393618 ms CreateObjectMapping: 0.167777 ms MarkObjects: 2.723567 ms  DeleteObjects: 0.045232 ms)

AssetImportParameters requested are different than current active one (requested -> active):
  custom:framework-win-MediaFoundation: 216162199b28c13a410421893ffa2e32 -> 
  custom:video-decoder-ogg-theora: a1e56fd34408186e4bbccfd4996cb3dc -> 
  custom:container-muxer-webm: aa71ff27fc2769a1b78a27578f13a17b -> 
  custom:container-demuxer-webm: 4f35f7cbe854078d1ac9338744f61a02 -> 
  custom:container-demuxer-ogg: 62fdf1f143b41e24485cea50d1cbac27 -> 
  custom:video-encoder-webm-vp8: eb34c28f22e8b96e1ab97ce403110664 -> 
  custom:video-decoder-webm-vp8: 9c59270c3fd7afecdb556c50c9e8de78 -> 
  custom:audio-decoder-ogg-vorbis: bf7c407c2cedff20999df2af8eb42d56 -> 
  custom:audio-encoder-webm-vorbis: bf7c407c2cedff20999df2af8eb42d56 -> 
========================================================================
Received Import Request.
  path: Assets/地圖/DarkForest1.2/bgrd_tree1.png
  artifactKey: Guid(6af3ec3940d20d449974a652a54b83a3) Importer(815301076,1909f56bfc062723c751e8b465ee728b)
Start importing Assets/地圖/DarkForest1.2/bgrd_tree1.png using Guid(6af3ec3940d20d449974a652a54b83a3) Importer(815301076,1909f56bfc062723c751e8b465ee728b)  -> (artifact id: '1681463837f251d91a6cbd375592e1d3') in 0.139138 seconds 
  Import took 0.169900 seconds .

========================================================================
Received Import Request.
  Time since last request: 0.000279 seconds.
  path: Assets/地圖/DarkForest1.2/env_ground.png
  artifactKey: Guid(c9260a8613c5bc5419ed8edfa5d87539) Importer(815301076,1909f56bfc062723c751e8b465ee728b)
Start importing Assets/地圖/DarkForest1.2/env_ground.png using Guid(c9260a8613c5bc5419ed8edfa5d87539) Importer(815301076,1909f56bfc062723c751e8b465ee728b)  -> (artifact id: '96642290de7bd4716d5e60cae05dd71c') in 0.027203 seconds 
  Import took 0.067902 seconds .

========================================================================
Received Import Request.
  Time since last request: 0.000297 seconds.
  path: Assets/地圖/DarkForest1.2/castle_env.png
  artifactKey: Guid(9d4318fad76da014fa6af9d8f3c4075c) Importer(815301076,1909f56bfc062723c751e8b465ee728b)
Start importing Assets/地圖/DarkForest1.2/castle_env.png using Guid(9d4318fad76da014fa6af9d8f3c4075c) Importer(815301076,1909f56bfc062723c751e8b465ee728b)  -> (artifact id: '2f44d982de9e394839ce355af1e66df2') in 0.009288 seconds 
  Import took 0.056780 seconds .

========================================================================
Received Import Request.
  Time since last request: 0.000407 seconds.
  path: Assets/地圖/DarkForest1.2/bgrd_tree2.png
  artifactKey: Guid(4a5cf6512cc37f34da685b5a9aa05272) Importer(815301076,1909f56bfc062723c751e8b465ee728b)
Start importing Assets/地圖/DarkForest1.2/bgrd_tree2.png using Guid(4a5cf6512cc37f34da685b5a9aa05272) Importer(815301076,1909f56bfc062723c751e8b465ee728b)  -> (artifact id: 'fe464939702829274bf302c161d241f1') in 0.034689 seconds 
  Import took 0.065317 seconds .

========================================================================
Received Import Request.
  Time since last request: 0.000179 seconds.
  path: Assets/地圖/DarkForest1.2/env_mon.png
  artifactKey: Guid(182dc822d49db044384b0a03d0173007) Importer(815301076,1909f56bfc062723c751e8b465ee728b)
Start importing Assets/地圖/DarkForest1.2/env_mon.png using Guid(182dc822d49db044384b0a03d0173007) Importer(815301076,1909f56bfc062723c751e8b465ee728b)  -> (artifact id: '82a5e847ad2b43d165cdf21634c8a78d') in 0.009720 seconds 
  Import took 0.026668 seconds .

========================================================================
Received Import Request.
  Time since last request: 0.000226 seconds.
  path: Assets/地圖/DarkForest1.2/decorative_obj.png
  artifactKey: Guid(fe491701f41a8ea46a753bbab139769f) Importer(815301076,1909f56bfc062723c751e8b465ee728b)
Start importing Assets/地圖/DarkForest1.2/decorative_obj.png using Guid(fe491701f41a8ea46a753bbab139769f) Importer(815301076,1909f56bfc062723c751e8b465ee728b)  -> (artifact id: '557da7fd92bb2f97974176c718e073d4') in 0.009265 seconds 
  Import took 0.021863 seconds .

========================================================================
Received Import Request.
  Time since last request: 0.437721 seconds.
  path: Assets/地圖/DarkForest1.2/env_rock.png
  artifactKey: Guid(60b1407851c750a4d8a8ded1be6b6c73) Importer(815301076,1909f56bfc062723c751e8b465ee728b)
Start importing Assets/地圖/DarkForest1.2/env_rock.png using Guid(60b1407851c750a4d8a8ded1be6b6c73) Importer(815301076,1909f56bfc062723c751e8b465ee728b)  -> (artifact id: 'efba04203ce0c62d16f235059ff58540') in 0.021101 seconds 
  Import took 0.052420 seconds .

========================================================================
Received Import Request.
  Time since last request: 1.558898 seconds.
  path: Assets/地圖/DarkForest1.2/env_trees.png
  artifactKey: Guid(4b7b867e449b2424ba53ae90baf254cc) Importer(815301076,1909f56bfc062723c751e8b465ee728b)
Start importing Assets/地圖/DarkForest1.2/env_trees.png using Guid(4b7b867e449b2424ba53ae90baf254cc) Importer(815301076,1909f56bfc062723c751e8b465ee728b)  -> (artifact id: 'bf4718ea9f831a8ab0a481dbc47a2e27') in 0.009030 seconds 
  Import took 0.016066 seconds .

========================================================================
Received Import Request.
  Time since last request: 0.005871 seconds.
  path: Assets/地圖/DarkForest1.2/env_trees.png
  artifactKey: Guid(4b7b867e449b2424ba53ae90baf254cc) Importer(815301076,1909f56bfc062723c751e8b465ee728b)
Start importing Assets/地圖/DarkForest1.2/env_trees.png using Guid(4b7b867e449b2424ba53ae90baf254cc) Importer(815301076,1909f56bfc062723c751e8b465ee728b)  -> (artifact id: 'bf4718ea9f831a8ab0a481dbc47a2e27') in 0.009689 seconds 
  Import took 0.028064 seconds .

========================================================================
Received Import Request.
  Time since last request: 0.874191 seconds.
  path: Assets/地圖/DarkForest1.2/main_background.png
  artifactKey: Guid(aa39e369c7ca3f3459d6b582693a37bc) Importer(815301076,1909f56bfc062723c751e8b465ee728b)
Start importing Assets/地圖/DarkForest1.2/main_background.png using Guid(aa39e369c7ca3f3459d6b582693a37bc) Importer(815301076,1909f56bfc062723c751e8b465ee728b)  -> (artifact id: '3f2af33e51889b672d82ff21c6831a7d') in 0.010242 seconds 
  Import took 0.017088 seconds .

========================================================================
Received Import Request.
  Time since last request: 0.001266 seconds.
  path: Assets/地圖/DarkForest1.2/main_background.png
  artifactKey: Guid(aa39e369c7ca3f3459d6b582693a37bc) Importer(815301076,1909f56bfc062723c751e8b465ee728b)
Start importing Assets/地圖/DarkForest1.2/main_background.png using Guid(aa39e369c7ca3f3459d6b582693a37bc) Importer(815301076,1909f56bfc062723c751e8b465ee728b)  -> (artifact id: '3f2af33e51889b672d82ff21c6831a7d') in 0.010194 seconds 
  Import took 0.017942 seconds .

========================================================================
Received Import Request.
  Time since last request: 0.931936 seconds.
  path: Assets/地圖/DarkForest1.2/top_far_bgrnd.png
  artifactKey: Guid(3711ec87869a67e4a8c81f0e48e26993) Importer(815301076,1909f56bfc062723c751e8b465ee728b)
Start importing Assets/地圖/DarkForest1.2/top_far_bgrnd.png using Guid(3711ec87869a67e4a8c81f0e48e26993) Importer(815301076,1909f56bfc062723c751e8b465ee728b)  -> (artifact id: 'ecb69ae4e784a5c8b815c8cf05d7a14e') in 0.011548 seconds 
  Import took 0.038329 seconds .

========================================================================
Received Import Request.
  Time since last request: 140.524003 seconds.
  path: Assets/地圖/DarkForest1.2/env_ground.png
  artifactKey: Guid(c9260a8613c5bc5419ed8edfa5d87539) Importer(815301076,1909f56bfc062723c751e8b465ee728b)
Start importing Assets/地圖/DarkForest1.2/env_ground.png using Guid(c9260a8613c5bc5419ed8edfa5d87539) Importer(815301076,1909f56bfc062723c751e8b465ee728b)  -> (artifact id: '0a82df04fe16598ded9c31863516a21e') in 0.005850 seconds 
  Import took 0.019256 seconds .

========================================================================
Received Import Request.
  Time since last request: 126.028889 seconds.
  path: Assets/地圖/DarkForest1.2/env_ground.png
  artifactKey: Guid(c9260a8613c5bc5419ed8edfa5d87539) Importer(815301076,1909f56bfc062723c751e8b465ee728b)
Start importing Assets/地圖/DarkForest1.2/env_ground.png using Guid(c9260a8613c5bc5419ed8edfa5d87539) Importer(815301076,1909f56bfc062723c751e8b465ee728b)  -> (artifact id: '7e5d7e4b517110a072a476a7e19ce991') in 0.611606 seconds 
  Import took 0.620246 seconds .

========================================================================
Received Import Request.
  Time since last request: 65.418200 seconds.
  path: Assets/拼接素材/地板.prefab
  artifactKey: Guid(47b8c573f28a1a7418b44604f772fde0) Importer(815301076,1909f56bfc062723c751e8b465ee728b)
Start importing Assets/拼接素材/地板.prefab using Guid(47b8c573f28a1a7418b44604f772fde0) Importer(815301076,1909f56bfc062723c751e8b465ee728b)  -> (artifact id: 'f674221a45a8eb399735da00077ce463') in 0.009489 seconds 
  Import took 0.037597 seconds .

========================================================================
Received Import Request.
  Time since last request: 26.215539 seconds.
  path: Assets/拼接素材/darkwood
  artifactKey: Guid(f698fde6debe3864daaf77ea6aa55576) Importer(815301076,1909f56bfc062723c751e8b465ee728b)
Start importing Assets/拼接素材/darkwood using Guid(f698fde6debe3864daaf77ea6aa55576) Importer(815301076,1909f56bfc062723c751e8b465ee728b)  -> (artifact id: 'db058a54f7b98f4f633c5f1a3138a83a') in 0.001206 seconds 
  Import took 0.007587 seconds .

========================================================================
Received Import Request.
  Time since last request: 1.502293 seconds.
  path: Assets/拼接素材/darkwood/darkwood.prefab
  artifactKey: Guid(cc01da8016e8bb840a9d86c6d83f1d84) Importer(815301076,1909f56bfc062723c751e8b465ee728b)
Start importing Assets/拼接素材/darkwood/darkwood.prefab using Guid(cc01da8016e8bb840a9d86c6d83f1d84) Importer(815301076,1909f56bfc062723c751e8b465ee728b)  -> (artifact id: 'a41f4977e86c29975d1cd1836a0ba875') in 0.002495 seconds 
  Import took 0.009406 seconds .

========================================================================
Received Import Request.
  Time since last request: 205.041801 seconds.
  path: Assets/地圖/DarkForest1.2/about.txt
  artifactKey: Guid(a5f5aa16b77f954409ea185019eb3cca) Importer(815301076,1909f56bfc062723c751e8b465ee728b)
Start importing Assets/地圖/DarkForest1.2/about.txt using Guid(a5f5aa16b77f954409ea185019eb3cca) Importer(815301076,1909f56bfc062723c751e8b465ee728b)  -> (artifact id: '05db20ed23ad534a47273423538a5faf') in 0.008400 seconds 
  Import took 0.020137 seconds .

========================================================================
Received Import Request.
  Time since last request: 0.002094 seconds.
  path: Assets/地圖/DarkForest1.2/about.txt
  artifactKey: Guid(a5f5aa16b77f954409ea185019eb3cca) Importer(815301076,1909f56bfc062723c751e8b465ee728b)
Start importing Assets/地圖/DarkForest1.2/about.txt using Guid(a5f5aa16b77f954409ea185019eb3cca) Importer(815301076,1909f56bfc062723c751e8b465ee728b)  -> (artifact id: '05db20ed23ad534a47273423538a5faf') in 0.001470 seconds 
  Import took 0.011629 seconds .

========================================================================
Received Import Request.
  Time since last request: 11.957635 seconds.
  path: Assets/地圖/DarkForest1.2/env_mon.png
  artifactKey: Guid(182dc822d49db044384b0a03d0173007) Importer(815301076,1909f56bfc062723c751e8b465ee728b)
Start importing Assets/地圖/DarkForest1.2/env_mon.png using Guid(182dc822d49db044384b0a03d0173007) Importer(815301076,1909f56bfc062723c751e8b465ee728b)  -> (artifact id: '313716528e5466c3ae697ee17632077f') in 0.008836 seconds 
  Import took 0.015381 seconds .

========================================================================
Received Import Request.
  Time since last request: 0.093099 seconds.
  path: Assets/地圖/DarkForest1.2/env_mon.png
  artifactKey: Guid(182dc822d49db044384b0a03d0173007) Importer(815301076,1909f56bfc062723c751e8b465ee728b)
Start importing Assets/地圖/DarkForest1.2/env_mon.png using Guid(182dc822d49db044384b0a03d0173007) Importer(815301076,1909f56bfc062723c751e8b465ee728b)  -> (artifact id: '313716528e5466c3ae697ee17632077f') in 0.008131 seconds 
  Import took 0.015354 seconds .

========================================================================
Received Import Request.
  Time since last request: 28.358961 seconds.
  path: Assets/地圖/DarkForest1.2/env_mon.png
  artifactKey: Guid(182dc822d49db044384b0a03d0173007) Importer(815301076,1909f56bfc062723c751e8b465ee728b)
Start importing Assets/地圖/DarkForest1.2/env_mon.png using Guid(182dc822d49db044384b0a03d0173007) Importer(815301076,1909f56bfc062723c751e8b465ee728b)  -> (artifact id: '57db4633951122951624bb206180a73f') in 0.012192 seconds 
  Import took 0.025186 seconds .

========================================================================
Received Import Request.
  Time since last request: 10.100404 seconds.
  path: Assets/地圖/DarkForest1.2/bgrd_tree1.png
  artifactKey: Guid(6af3ec3940d20d449974a652a54b83a3) Importer(815301076,1909f56bfc062723c751e8b465ee728b)
Start importing Assets/地圖/DarkForest1.2/bgrd_tree1.png using Guid(6af3ec3940d20d449974a652a54b83a3) Importer(815301076,1909f56bfc062723c751e8b465ee728b)  -> (artifact id: '0fe49d6c46d667e53a4f94644d99c67c') in 0.006901 seconds 
  Import took 0.014049 seconds .

========================================================================
Received Import Request.
  Time since last request: 21.887986 seconds.
  path: Assets/地圖/DarkForest1.2/env_mon.png
  artifactKey: Guid(182dc822d49db044384b0a03d0173007) Importer(815301076,1909f56bfc062723c751e8b465ee728b)
Start importing Assets/地圖/DarkForest1.2/env_mon.png using Guid(182dc822d49db044384b0a03d0173007) Importer(815301076,1909f56bfc062723c751e8b465ee728b)  -> (artifact id: 'ea7d408e6e68722149719a0daeade4c1') in 0.008501 seconds 
  Import took 0.015037 seconds .

========================================================================
Received Import Request.
  Time since last request: 568.837299 seconds.
  path: Assets/地圖/DarkForest1.2/env_ground.png
  artifactKey: Guid(c9260a8613c5bc5419ed8edfa5d87539) Importer(815301076,1909f56bfc062723c751e8b465ee728b)
Start importing Assets/地圖/DarkForest1.2/env_ground.png using Guid(c9260a8613c5bc5419ed8edfa5d87539) Importer(815301076,1909f56bfc062723c751e8b465ee728b)  -> (artifact id: 'd39f1e58c110ac0f378b5fa5e761e754') in 0.607881 seconds 
  Import took 0.615599 seconds .

========================================================================
Received Prepare
Registering precompiled user dll's ...
Registered in 0.002701 seconds.
Begin MonoManager ReloadAssembly
Native extension for WindowsStandalone target not found
Native extension for WebGL target not found
Refreshing native plugins compatible for Editor in 1.10 ms, found 3 plugins.
Preloading 0 native plugins for Editor in 0.00 ms.
Mono: successfully reloaded assembly
- Completed reload, in  1.079 seconds
Platform modules already initialized, skipping
Shader 'Universal Render Pipeline/Particles/Lit': fallback shader 'Universal Render Pipeline/Particles/SimpleLit' not found
Refreshing native plugins compatible for Editor in 1.10 ms, found 3 plugins.
Preloading 0 native plugins for Editor in 0.00 ms.
Unloading 3118 Unused Serialized files (Serialized files now loaded: 0)
System memory in use before: 137.0 MB.
System memory in use after: 137.3 MB.

Unloading 17 unused Assets to reduce memory usage. Loaded Objects now: 3691.
Total: 2.941388 ms (FindLiveObjects: 0.341007 ms CreateObjectMapping: 0.158153 ms MarkObjects: 2.424263 ms  DeleteObjects: 0.017002 ms)

AssetImportParameters requested are different than current active one (requested -> active):
  custom:framework-win-MediaFoundation: 216162199b28c13a410421893ffa2e32 -> 
  custom:video-decoder-ogg-theora: a1e56fd34408186e4bbccfd4996cb3dc -> 
  custom:container-muxer-webm: aa71ff27fc2769a1b78a27578f13a17b -> 
  custom:container-demuxer-webm: 4f35f7cbe854078d1ac9338744f61a02 -> 
  custom:container-demuxer-ogg: 62fdf1f143b41e24485cea50d1cbac27 -> 
  custom:video-encoder-webm-vp8: eb34c28f22e8b96e1ab97ce403110664 -> 
  custom:video-decoder-webm-vp8: 9c59270c3fd7afecdb556c50c9e8de78 -> 
  custom:audio-decoder-ogg-vorbis: bf7c407c2cedff20999df2af8eb42d56 -> 
  custom:audio-encoder-webm-vorbis: bf7c407c2cedff20999df2af8eb42d56 -> 
========================================================================
Received Import Request.
  Time since last request: 164.554676 seconds.
  path: Assets/地圖/DarkForest1.2/env_ground.png
  artifactKey: Guid(c9260a8613c5bc5419ed8edfa5d87539) Importer(815301076,1909f56bfc062723c751e8b465ee728b)
Start importing Assets/地圖/DarkForest1.2/env_ground.png using Guid(c9260a8613c5bc5419ed8edfa5d87539) Importer(815301076,1909f56bfc062723c751e8b465ee728b)  -> (artifact id: '68d01897f49df96c4a43f83b3cf21038') in 0.797402 seconds 
  Import took 0.805631 seconds .

========================================================================
Received Import Request.
  Time since last request: 322.653525 seconds.
  path: Assets/地圖/DarkForest1.2/env_ground.png
  artifactKey: Guid(c9260a8613c5bc5419ed8edfa5d87539) Importer(815301076,1909f56bfc062723c751e8b465ee728b)
Start importing Assets/地圖/DarkForest1.2/env_ground.png using Guid(c9260a8613c5bc5419ed8edfa5d87539) Importer(815301076,1909f56bfc062723c751e8b465ee728b)  -> (artifact id: '944bdb9afc7b1f6034e05998fc4086d9') in 1.003064 seconds 
  Import took 1.011151 seconds .

========================================================================
Received Prepare
Registering precompiled user dll's ...
Registered in 0.002538 seconds.
Begin MonoManager ReloadAssembly
Native extension for WindowsStandalone target not found
Native extension for WebGL target not found
Refreshing native plugins compatible for Editor in 1.10 ms, found 3 plugins.
Preloading 0 native plugins for Editor in 0.00 ms.
Mono: successfully reloaded assembly
- Completed reload, in  1.139 seconds
Platform modules already initialized, skipping
Shader 'Universal Render Pipeline/Particles/Lit': fallback shader 'Universal Render Pipeline/Particles/SimpleLit' not found
Refreshing native plugins compatible for Editor in 1.13 ms, found 3 plugins.
Preloading 0 native plugins for Editor in 0.00 ms.
Unloading 3118 Unused Serialized files (Serialized files now loaded: 0)
System memory in use before: 137.2 MB.
System memory in use after: 137.4 MB.

Unloading 17 unused Assets to reduce memory usage. Loaded Objects now: 3696.
Total: 2.944596 ms (FindLiveObjects: 0.333308 ms CreateObjectMapping: 0.184779 ms MarkObjects: 2.406619 ms  DeleteObjects: 0.018606 ms)

AssetImportParameters requested are different than current active one (requested -> active):
  custom:framework-win-MediaFoundation: 216162199b28c13a410421893ffa2e32 -> 
  custom:video-decoder-ogg-theora: a1e56fd34408186e4bbccfd4996cb3dc -> 
  custom:container-muxer-webm: aa71ff27fc2769a1b78a27578f13a17b -> 
  custom:container-demuxer-webm: 4f35f7cbe854078d1ac9338744f61a02 -> 
  custom:container-demuxer-ogg: 62fdf1f143b41e24485cea50d1cbac27 -> 
  custom:video-encoder-webm-vp8: eb34c28f22e8b96e1ab97ce403110664 -> 
  custom:video-decoder-webm-vp8: 9c59270c3fd7afecdb556c50c9e8de78 -> 
  custom:audio-decoder-ogg-vorbis: bf7c407c2cedff20999df2af8eb42d56 -> 
  custom:audio-encoder-webm-vorbis: bf7c407c2cedff20999df2af8eb42d56 -> 
========================================================================
Received Prepare
Registering precompiled user dll's ...
Registered in 0.002499 seconds.
Begin MonoManager ReloadAssembly
Native extension for WindowsStandalone target not found
Native extension for WebGL target not found
Refreshing native plugins compatible for Editor in 1.05 ms, found 3 plugins.
Preloading 0 native plugins for Editor in 0.00 ms.
Mono: successfully reloaded assembly
- Completed reload, in  1.115 seconds
Platform modules already initialized, skipping
Shader 'Universal Render Pipeline/Particles/Lit': fallback shader 'Universal Render Pipeline/Particles/SimpleLit' not found
Refreshing native plugins compatible for Editor in 1.16 ms, found 3 plugins.
Preloading 0 native plugins for Editor in 0.00 ms.
Unloading 3118 Unused Serialized files (Serialized files now loaded: 0)
System memory in use before: 137.2 MB.
System memory in use after: 137.5 MB.

Unloading 17 unused Assets to reduce memory usage. Loaded Objects now: 3700.
Total: 2.876587 ms (FindLiveObjects: 0.351914 ms CreateObjectMapping: 0.177080 ms MarkObjects: 2.326099 ms  DeleteObjects: 0.020531 ms)

AssetImportParameters requested are different than current active one (requested -> active):
  custom:framework-win-MediaFoundation: 216162199b28c13a410421893ffa2e32 -> 
  custom:video-decoder-ogg-theora: a1e56fd34408186e4bbccfd4996cb3dc -> 
  custom:container-muxer-webm: aa71ff27fc2769a1b78a27578f13a17b -> 
  custom:container-demuxer-webm: 4f35f7cbe854078d1ac9338744f61a02 -> 
  custom:container-demuxer-ogg: 62fdf1f143b41e24485cea50d1cbac27 -> 
  custom:video-encoder-webm-vp8: eb34c28f22e8b96e1ab97ce403110664 -> 
  custom:video-decoder-webm-vp8: 9c59270c3fd7afecdb556c50c9e8de78 -> 
  custom:audio-decoder-ogg-vorbis: bf7c407c2cedff20999df2af8eb42d56 -> 
  custom:audio-encoder-webm-vorbis: bf7c407c2cedff20999df2af8eb42d56 -> 
========================================================================
Received Prepare
Registering precompiled user dll's ...
Registered in 0.002480 seconds.
Begin MonoManager ReloadAssembly
Native extension for WindowsStandalone target not found
Native extension for WebGL target not found
Refreshing native plugins compatible for Editor in 1.10 ms, found 3 plugins.
Preloading 0 native plugins for Editor in 0.00 ms.
Mono: successfully reloaded assembly
- Completed reload, in  1.106 seconds
Platform modules already initialized, skipping
Shader 'Universal Render Pipeline/Particles/Lit': fallback shader 'Universal Render Pipeline/Particles/SimpleLit' not found
Refreshing native plugins compatible for Editor in 1.06 ms, found 3 plugins.
Preloading 0 native plugins for Editor in 0.00 ms.
Unloading 3118 Unused Serialized files (Serialized files now loaded: 0)
System memory in use before: 137.3 MB.
System memory in use after: 137.5 MB.

Unloading 17 unused Assets to reduce memory usage. Loaded Objects now: 3704.
Total: 2.879474 ms (FindLiveObjects: 0.336837 ms CreateObjectMapping: 0.183175 ms MarkObjects: 2.337006 ms  DeleteObjects: 0.020852 ms)

AssetImportParameters requested are different than current active one (requested -> active):
  custom:framework-win-MediaFoundation: 216162199b28c13a410421893ffa2e32 -> 
  custom:video-decoder-ogg-theora: a1e56fd34408186e4bbccfd4996cb3dc -> 
  custom:container-muxer-webm: aa71ff27fc2769a1b78a27578f13a17b -> 
  custom:container-demuxer-webm: 4f35f7cbe854078d1ac9338744f61a02 -> 
  custom:container-demuxer-ogg: 62fdf1f143b41e24485cea50d1cbac27 -> 
  custom:video-encoder-webm-vp8: eb34c28f22e8b96e1ab97ce403110664 -> 
  custom:video-decoder-webm-vp8: 9c59270c3fd7afecdb556c50c9e8de78 -> 
  custom:audio-decoder-ogg-vorbis: bf7c407c2cedff20999df2af8eb42d56 -> 
  custom:audio-encoder-webm-vorbis: bf7c407c2cedff20999df2af8eb42d56 -> 
========================================================================
Received Prepare
Registering precompiled user dll's ...
Registered in 0.002628 seconds.
Begin MonoManager ReloadAssembly
Native extension for WindowsStandalone target not found
Native extension for WebGL target not found
Refreshing native plugins compatible for Editor in 1.04 ms, found 3 plugins.
Preloading 0 native plugins for Editor in 0.00 ms.
Mono: successfully reloaded assembly
- Completed reload, in  1.201 seconds
Platform modules already initialized, skipping
Shader 'Universal Render Pipeline/Particles/Lit': fallback shader 'Universal Render Pipeline/Particles/SimpleLit' not found
Refreshing native plugins compatible for Editor in 1.16 ms, found 3 plugins.
Preloading 0 native plugins for Editor in 0.00 ms.
Unloading 3118 Unused Serialized files (Serialized files now loaded: 0)
System memory in use before: 137.3 MB.
System memory in use after: 137.5 MB.

Unloading 17 unused Assets to reduce memory usage. Loaded Objects now: 3708.
Total: 3.461400 ms (FindLiveObjects: 0.420565 ms CreateObjectMapping: 0.269149 ms MarkObjects: 2.743777 ms  DeleteObjects: 0.026626 ms)

AssetImportParameters requested are different than current active one (requested -> active):
  custom:framework-win-MediaFoundation: 216162199b28c13a410421893ffa2e32 -> 
  custom:video-decoder-ogg-theora: a1e56fd34408186e4bbccfd4996cb3dc -> 
  custom:container-muxer-webm: aa71ff27fc2769a1b78a27578f13a17b -> 
  custom:container-demuxer-webm: 4f35f7cbe854078d1ac9338744f61a02 -> 
  custom:container-demuxer-ogg: 62fdf1f143b41e24485cea50d1cbac27 -> 
  custom:video-encoder-webm-vp8: eb34c28f22e8b96e1ab97ce403110664 -> 
  custom:video-decoder-webm-vp8: 9c59270c3fd7afecdb556c50c9e8de78 -> 
  custom:audio-decoder-ogg-vorbis: bf7c407c2cedff20999df2af8eb42d56 -> 
  custom:audio-encoder-webm-vorbis: bf7c407c2cedff20999df2af8eb42d56 -> 
========================================================================
Received Import Request.
  Time since last request: 625.376804 seconds.
  path: Assets/地圖/DarkForest1.2/env_ground.png
  artifactKey: Guid(c9260a8613c5bc5419ed8edfa5d87539) Importer(815301076,1909f56bfc062723c751e8b465ee728b)
Start importing Assets/地圖/DarkForest1.2/env_ground.png using Guid(c9260a8613c5bc5419ed8edfa5d87539) Importer(815301076,1909f56bfc062723c751e8b465ee728b)  -> (artifact id: 'aa2b7a85b8f4e7226f136b6ff18bd091') in 0.656273 seconds 
  Import took 0.675621 seconds .

========================================================================
Received Import Request.
  Time since last request: 97.811912 seconds.
  path: Assets/地圖/DarkForest1.2/env_ground.png
  artifactKey: Guid(c9260a8613c5bc5419ed8edfa5d87539) Importer(815301076,1909f56bfc062723c751e8b465ee728b)
Start importing Assets/地圖/DarkForest1.2/env_ground.png using Guid(c9260a8613c5bc5419ed8edfa5d87539) Importer(815301076,1909f56bfc062723c751e8b465ee728b)  -> (artifact id: '9866c2486b5c11814162f9c557ab590c') in 0.698061 seconds 
  Import took 0.717469 seconds .

========================================================================
Received Prepare
Registering precompiled user dll's ...
Registered in 0.002776 seconds.
Begin MonoManager ReloadAssembly
Native extension for WindowsStandalone target not found
Native extension for WebGL target not found
Refreshing native plugins compatible for Editor in 1.02 ms, found 3 plugins.
Preloading 0 native plugins for Editor in 0.00 ms.
Mono: successfully reloaded assembly
- Completed reload, in  1.167 seconds
Platform modules already initialized, skipping
Shader 'Universal Render Pipeline/Particles/Lit': fallback shader 'Universal Render Pipeline/Particles/SimpleLit' not found
Refreshing native plugins compatible for Editor in 1.12 ms, found 3 plugins.
Preloading 0 native plugins for Editor in 0.00 ms.
Unloading 3118 Unused Serialized files (Serialized files now loaded: 0)
System memory in use before: 137.3 MB.
System memory in use after: 137.5 MB.

Unloading 17 unused Assets to reduce memory usage. Loaded Objects now: 3713.
Total: 2.944275 ms (FindLiveObjects: 0.310852 ms CreateObjectMapping: 0.159436 ms MarkObjects: 2.443832 ms  DeleteObjects: 0.029834 ms)

AssetImportParameters requested are different than current active one (requested -> active):
  custom:framework-win-MediaFoundation: 216162199b28c13a410421893ffa2e32 -> 
  custom:video-decoder-ogg-theora: a1e56fd34408186e4bbccfd4996cb3dc -> 
  custom:container-muxer-webm: aa71ff27fc2769a1b78a27578f13a17b -> 
  custom:container-demuxer-webm: 4f35f7cbe854078d1ac9338744f61a02 -> 
  custom:container-demuxer-ogg: 62fdf1f143b41e24485cea50d1cbac27 -> 
  custom:video-encoder-webm-vp8: eb34c28f22e8b96e1ab97ce403110664 -> 
  custom:video-decoder-webm-vp8: 9c59270c3fd7afecdb556c50c9e8de78 -> 
  custom:audio-decoder-ogg-vorbis: bf7c407c2cedff20999df2af8eb42d56 -> 
  custom:audio-encoder-webm-vorbis: bf7c407c2cedff20999df2af8eb42d56 -> 
========================================================================
Received Import Request.
  Time since last request: 286.399331 seconds.
  path: Assets/拼接素材/darkwood/env_ground_0.asset
  artifactKey: Guid(1d9cee9ed4f4a594e904a33e026db320) Importer(815301076,1909f56bfc062723c751e8b465ee728b)
Start importing Assets/拼接素材/darkwood/env_ground_0.asset using Guid(1d9cee9ed4f4a594e904a33e026db320) Importer(815301076,1909f56bfc062723c751e8b465ee728b)  -> (artifact id: 'a8b68cf97da8a876dfec14296020a0e3') in 0.047574 seconds 
  Import took 0.053963 seconds .

========================================================================
Received Import Request.
  Time since last request: 0.689033 seconds.
  path: Assets/拼接素材/darkwood/darkwood.prefab
  artifactKey: Guid(cc01da8016e8bb840a9d86c6d83f1d84) Importer(815301076,1909f56bfc062723c751e8b465ee728b)
Start importing Assets/拼接素材/darkwood/darkwood.prefab using Guid(cc01da8016e8bb840a9d86c6d83f1d84) Importer(815301076,1909f56bfc062723c751e8b465ee728b)  -> (artifact id: '57c8b7a3752c894fc80febfcc91215df') in 0.009665 seconds 
  Import took 0.017000 seconds .

========================================================================
Received Import Request.
  Time since last request: 3.513588 seconds.
  path: Assets/拼接素材/darkwood/env_ground_509.asset
  artifactKey: Guid(52c19d16907689942bad9075716ebd78) Importer(815301076,1909f56bfc062723c751e8b465ee728b)
Start importing Assets/拼接素材/darkwood/env_ground_509.asset using Guid(52c19d16907689942bad9075716ebd78) Importer(815301076,1909f56bfc062723c751e8b465ee728b)  -> (artifact id: 'c56cfbc4d091e4c32b94cea43f5e6b69') in 0.006831 seconds 
  Import took 0.013667 seconds .

AssetImportWorkerClient::OnTransportError - code=2 error=End of file
